<?xml version="1.0" encoding="UTF-8"?>
<!-- Generated by org.testng.reporters.JUnitReportReporter -->
<testsuite hostname="vamshi" failures="0" tests="1" name="IccScenarios.Scenario9" time="0.019" errors="0" timestamp="2022-10-18T17:24:58 IST" skipped="0">
  <testcase classname="IccScenarios.Scenario9" name="scenario9" time="0.019"/>
  <system-out/>
</testsuite> <!-- IccScenarios.Scenario9 -->
