<?xml version="1.0" encoding="UTF-8"?>
<!-- Generated by org.testng.reporters.JUnitReportReporter -->
<testsuite hostname="vamshi" failures="0" tests="1" name="com.flipkart.testscript.SearchProduct" time="51.718" errors="0" timestamp="2022-11-08T12:08:52 IST" skipped="0">
  <testcase classname="com.flipkart.testscript.SearchProduct" name="searchProuct" time="51.718"/>
  <system-out/>
</testsuite> <!-- com.flipkart.testscript.SearchProduct -->
