<?xml version="1.0" encoding="UTF-8"?>
<!-- Generated by org.testng.reporters.JUnitReportReporter -->
<testsuite hostname="vamshi" failures="0" tests="1" name="IccScenarios.Scenario6" time="10.771" errors="0" timestamp="2022-10-19T12:48:49 IST" skipped="0">
  <testcase classname="IccScenarios.Scenario6" name="scenario6" time="10.771"/>
  <system-out/>
</testsuite> <!-- IccScenarios.Scenario6 -->
