<?xml version="1.0" encoding="UTF-8"?>
<!-- Generated by org.testng.reporters.JUnitReportReporter -->
<testsuite hostname="vamshi" failures="0" tests="1" name="IccScenarios.Scenario2" time="11.886" errors="0" timestamp="2022-10-29T19:55:17 IST" skipped="0">
  <testcase classname="IccScenarios.Scenario2" name="scenario2" time="11.886"/>
  <system-out/>
</testsuite> <!-- IccScenarios.Scenario2 -->
