<?xml version="1.0" encoding="UTF-8"?>
<!-- Generated by org.testng.reporters.JUnitReportReporter -->
<testsuite hostname="vamshi" failures="0" tests="1" name="IccScenarios.Scenario5" time="7.181" errors="0" timestamp="2022-10-18T17:50:44 IST" skipped="0">
  <testcase classname="IccScenarios.Scenario5" name="scenario5" time="7.181"/>
  <system-out/>
</testsuite> <!-- IccScenarios.Scenario5 -->
