<?xml version="1.0" encoding="UTF-8"?>
<!-- Generated by org.testng.reporters.JUnitReportReporter -->
<testsuite hostname="vamshi" failures="0" tests="1" name="IccScenarios.Scenario8" time="23.747" errors="0" timestamp="2022-10-18T17:11:05 IST" skipped="0">
  <testcase classname="IccScenarios.Scenario8" name="scenario8" time="23.747"/>
  <system-out/>
</testsuite> <!-- IccScenarios.Scenario8 -->
