<?xml version="1.0" encoding="UTF-8"?>
<!-- Generated by org.testng.reporters.JUnitReportReporter -->
<testsuite hostname="vamshi" failures="0" tests="1" name="IccScenarios.Scenario7" time="25.310" errors="0" timestamp="2022-11-23T19:45:47 IST" skipped="0">
  <testcase classname="IccScenarios.Scenario7" name="scenario7" time="25.310"/>
  <system-out/>
</testsuite> <!-- IccScenarios.Scenario7 -->
