<?xml version="1.0" encoding="UTF-8"?>
<!-- Generated by org.testng.reporters.JUnitReportReporter -->
<testsuite hostname="vamshi" failures="0" tests="1" name="IccScenarios.Scenario1" time="19.126" errors="0" timestamp="2023-03-16T10:47:49 IST" skipped="0">
  <testcase classname="IccScenarios.Scenario1" name="scenario1" time="19.126"/>
  <system-out/>
</testsuite> <!-- IccScenarios.Scenario1 -->
